<?xml version="1.0" encoding="UTF-8"?>
<testng-results ignored="0" total="1" passed="1" failed="0" skipped="0">
  <reporter-output>
  </reporter-output>
  <suite started-at="2023-01-08T16:17:45 IST" name="Default suite" finished-at="2023-01-08T16:17:50 IST" duration-ms="4824">
    <groups>
    </groups>
    <test started-at="2023-01-08T16:17:45 IST" name="Default test" finished-at="2023-01-08T16:17:50 IST" duration-ms="4824">
      <class name="New_Packages.SQL_Connection">
        <test-method signature="test()[pri:0, instance:New_Packages.SQL_Connection@3d5c822d]" started-at="2023-01-08T16:17:45 IST" name="test" finished-at="2023-01-08T16:17:50 IST" duration-ms="4771" status="PASS">
          <reporter-output>
          </reporter-output>
        </test-method> <!-- test -->
      </class> <!-- New_Packages.SQL_Connection -->
    </test> <!-- Default test -->
  </suite> <!-- Default suite -->
</testng-results>
