<?xml version="1.0" encoding="UTF-8"?>
<!-- Generated by org.testng.reporters.JUnitXMLReporter -->
<testsuite ignored="0" hostname="DESKTOP-C6M5A7U" failures="1" tests="1" name="Test" time="23.806" errors="0" timestamp="2022-12-21T19:54:31 IST">
  <testcase classname="New_Packages.SQL_Connection" name="check" time="23.771">
    <failure type="com.microsoft.sqlserver.jdbc.SQLServerException" message="The result set has no current row.">
      <![CDATA[com.microsoft.sqlserver.jdbc.SQLServerException: The result set has no current row.
at com.microsoft.sqlserver.jdbc.SQLServerException.makeFromDriverError(SQLServerException.java:237)
at com.microsoft.sqlserver.jdbc.SQLServerResultSet.verifyResultSetHasCurrentRow(SQLServerResultSet.java:559)
at com.microsoft.sqlserver.jdbc.SQLServerResultSet.getterGetColumn(SQLServerResultSet.java:2042)
at com.microsoft.sqlserver.jdbc.SQLServerResultSet.getValue(SQLServerResultSet.java:2073)
at com.microsoft.sqlserver.jdbc.SQLServerResultSet.getValue(SQLServerResultSet.java:2059)
at com.microsoft.sqlserver.jdbc.SQLServerResultSet.getString(SQLServerResultSet.java:2530)
at New_Packages.SQL_Connection.check(SQL_Connection.java:51)
at java.base/java.util.ArrayList.forEach(ArrayList.java:1511)
... Removed 27 stack frames]]>
    </failure>
  </testcase> <!-- check -->
</testsuite> <!-- Test -->
